<?xml version="1.0" encoding="UTF-8"?>
<testng-results ignored="0" total="1" passed="1" failed="0" skipped="0">
  <reporter-output>
  </reporter-output>
  <suite started-at="2018-09-02T10:59:07Z" name="Default suite" finished-at="2018-09-02T10:59:51Z" duration-ms="43411">
    <groups>
    </groups>
    <test started-at="2018-09-02T10:59:07Z" name="Default test" finished-at="2018-09-02T10:59:51Z" duration-ms="43411">
      <class name="com.k2js.WebTesting.TestingHomePage">
        <test-method is-config="true" signature="initialSetting()[pri:0, instance:com.k2js.WebTesting.TestingHomePage@3246fb96]" started-at="2018-09-02T10:58:46Z" name="initialSetting" finished-at="2018-09-02T10:59:07Z" duration-ms="21359" status="PASS">
          <reporter-output>
          </reporter-output>
        </test-method> <!-- initialSetting -->
        <test-method is-config="true" signature="OpenUrl()[pri:0, instance:com.k2js.WebTesting.TestingHomePage@3246fb96]" started-at="2018-09-02T10:59:07Z" name="OpenUrl" finished-at="2018-09-02T10:59:21Z" duration-ms="13426" status="PASS">
          <reporter-output>
          </reporter-output>
        </test-method> <!-- OpenUrl -->
        <test-method signature="VerifyLoginPage()[pri:0, instance:com.k2js.WebTesting.TestingHomePage@3246fb96]" started-at="2018-09-02T10:59:21Z" name="VerifyLoginPage" finished-at="2018-09-02T10:59:47Z" duration-ms="25885" status="PASS">
          <reporter-output>
          </reporter-output>
        </test-method> <!-- VerifyLoginPage -->
        <test-method is-config="true" signature="endBrowser()[pri:0, instance:com.k2js.WebTesting.TestingHomePage@3246fb96]" started-at="2018-09-02T10:59:47Z" name="endBrowser" finished-at="2018-09-02T10:59:51Z" duration-ms="4037" status="PASS">
          <reporter-output>
          </reporter-output>
        </test-method> <!-- endBrowser -->
      </class> <!-- com.k2js.WebTesting.TestingHomePage -->
    </test> <!-- Default test -->
  </suite> <!-- Default suite -->
</testng-results>
